Removed Pin From Net: NetName=VDD Pin=H1-1
Removed Pin From Net: NetName=EncA1 Pin=H1-2
Removed Pin From Net: NetName=EncA2 Pin=H1-3
Removed Pin From Net: NetName=GND Pin=H1-4
Removed Pin From Net: NetName=VDD Pin=H3-1
Removed Pin From Net: NetName=PWMA1 Pin=H3-2
Removed Pin From Net: NetName=PWMA2 Pin=H3-3
Removed Pin From Net: NetName=GND Pin=H3-4
Removed Pin From Net: NetName=VDD Pin=H4-1
Removed Pin From Net: NetName=PWMB1 Pin=H4-2
Added Pin To Net: NetName=GND Pin=H1-1
Added Pin To Net: NetName=EncA2 Pin=H1-2
Added Pin To Net: NetName=EncA1 Pin=H1-3
Added Pin To Net: NetName=VDD Pin=H1-4
Added Pin To Net: NetName=GND Pin=H3-1
Added Pin To Net: NetName=PWMA2 Pin=H3-2
Added Pin To Net: NetName=GND Pin=H3-3
Added Pin To Net: NetName=PWMA1 Pin=H3-4
Added Pin To Net: NetName=PWMB1 Pin=H4-1
Added Pin To Net: NetName=GND Pin=H4-2
Added Member To Class: ClassName=WMR_Sheet Member=Component H8 I2C2
Added Member To Class: ClassName=WMR_Sheet Member=Component H10 ADC2
Added Room: Name=WMR_Sheet
